<?xml version="1.0" encoding="utf-8" standalone="no"?>
<!--This file represents the results of running a test suite-->
<test-results name="C:\Users\jimmy_000\Documents\Visual Studio 2013\Projects\FSharpNowin\tests\FSharpNowinNancy.Tests\bin\Release\FSharpNowinNancy.Tests.dll" total="1" errors="0" failures="0" not-run="0" inconclusive="0" ignored="0" skipped="0" invalid="0" date="2015-02-21" time="18:46:27">
  <environment nunit-version="2.6.4.14350" clr-version="2.0.50727.8009" os-version="Microsoft Windows NT 6.2.9200.0" platform="Win32NT" cwd="C:\Users\jimmy_000\Documents\Visual Studio 2013\Projects\FSharpNowin" machine-name="NINJA" user="jimmy_000" user-domain="NINJA" />
  <culture-info current-culture="en-US" current-uiculture="en-US" />
  <test-suite type="Assembly" name="C:\Users\jimmy_000\Documents\Visual Studio 2013\Projects\FSharpNowin\tests\FSharpNowinNancy.Tests\bin\Release\FSharpNowinNancy.Tests.dll" executed="True" result="Success" success="True" time="0.110" asserts="0">
    <results>
      <test-suite type="Namespace" name="FSharpNowinNancy" executed="True" result="Success" success="True" time="0.096" asserts="0">
        <results>
          <test-suite type="TestFixture" name="Tests" executed="True" result="Success" success="True" time="0.095" asserts="0">
            <results>
              <test-case name="FSharpNowinNancy.Tests.hello returns 42" executed="True" result="Success" success="True" time="0.086" asserts="1" />
            </results>
          </test-suite>
        </results>
      </test-suite>
    </results>
  </test-suite>
</test-results>